        -:    0:Source:unittest4.c
        -:    0:Graph:unittest4.gcno
        -:    0:Data:unittest4.gcda
        -:    0:Runs:1
        -:    0:Programs:1
        -:    1:#include "dominion.h"
        -:    2:#include "dominion_helpers.h"
        -:    3:#include "rngs.h"
        -:    4:#include <stdio.h>
        -:    5:#include <math.h>
        -:    6:#include <stdlib.h>
        -:    7:
function printTestResults called 1 returned 100% blocks executed 67%
        1:    8:void printTestResults(int test){
        1:    9:      if(test == 0)
branch  0 taken 0 (fallthrough)
branch  1 taken 1
    #####:   10:            printf("Test Failed.\n");
call    0 never executed
        1:   11:      else if(test == 1)
branch  0 taken 1 (fallthrough)
branch  1 taken 0
        1:   12:            printf("Test Passed.\n");
call    0 returned 1
        -:   13:      else
    #####:   14:            printf("Function returned unexpected value.\n");
call    0 never executed
        1:   15:}
        -:   16:
        -:   17:// with a newly initialized game, 'numHandCards' should always return a 5
function numHandCardsTest called 1 returned 100% blocks executed 86%
        1:   18:int numHandCardsTest(){
        -:   19:
        -:   20:      //Default cards, as defined in playDom
        -:   21:      // The following three lines are from player.c to initialize the game
        1:   22:      int k[10] = {adventurer, gardens, embargo, village, minion, mine, cutpurse, sea_hag, tribute, smithy};
        -:   23:      struct gameState state;
        1:   24:      initializeGame(3,k,1,&state);
call    0 returned 1
        -:   25:
        1:   26:      int result = numHandCards(&state);
call    0 returned 1
        1:   27:      if(result == 5)
branch  0 taken 1 (fallthrough)
branch  1 taken 0
        1:   28:            return 1;
        -:   29:      else
    #####:   30:            return 0;
        -:   31:}
        -:   32:
function main called 1 returned 100% blocks executed 100%
        1:   33:int main(){
        -:   34:
        1:   35:      printf("Testing the 'numHandCards' function...\n");
call    0 returned 1
        1:   36:      int testResults = numHandCardsTest();
call    0 returned 1
        1:   37:      printTestResults(testResults);
call    0 returned 1
        -:   38:
        1:   39:      return 0;
        -:   40:}
