        -:    0:Source:unittest2.c
        -:    0:Graph:unittest2.gcno
        -:    0:Data:unittest2.gcda
        -:    0:Runs:1
        -:    0:Programs:1
        -:    1:#include "dominion.h"
        -:    2:#include "dominion_helpers.h"
        -:    3:#include "rngs.h"
        -:    4:#include <stdio.h>
        -:    5:#include <math.h>
        -:    6:#include <stdlib.h>
        -:    7:
function printTestResults called 1 returned 100% blocks executed 67%
        1:    8:void printTestResults(int test){
        1:    9:      if(test == 0)
branch  0 taken 0 (fallthrough)
branch  1 taken 1
    #####:   10:            printf("Test Failed.\n");
call    0 never executed
        1:   11:      else if(test == 1)
branch  0 taken 1 (fallthrough)
branch  1 taken 0
        1:   12:            printf("Test Passed.\n");
call    0 returned 1
        -:   13:      else
    #####:   14:            printf("Function returned unexpected value.\n");
call    0 never executed
        1:   15:}
        -:   16:
function newGameTest called 1 returned 100% blocks executed 57%
        1:   17:int newGameTest(){
        1:   18:      struct gameState* gameStateTest = newGame();
call    0 returned 1
        1:   19:      if (gameStateTest)
branch  0 taken 1 (fallthrough)
branch  1 taken 0
        1:   20:            return 1;
    #####:   21:      if (!gameStateTest)
branch  0 never executed
branch  1 never executed
    #####:   22:            return 0;
    #####:   23:      return -1;
        -:   24:
        -:   25:}
        -:   26:
function main called 1 returned 100% blocks executed 100%
        1:   27:int main(){
        -:   28:
        1:   29:      printf("Testing the 'newGame' function...\n");
call    0 returned 1
        1:   30:      int testResults = newGameTest();
call    0 returned 1
        1:   31:      printTestResults(testResults);
call    0 returned 1
        -:   32:
        1:   33:      return 0;
        -:   34:}
